TN:
SF:src/ejercicio-pe.ts
FN:4,<instance_members_initializer>
FN:10,FilterMapReduce
FN:18,Filter
FN:34,Map
FN:57,<instance_members_initializer>
FN:63,FilterMapAddReduce
FN:72,Reduce
FN:84,<instance_members_initializer>
FN:90,FilterMapSubReduce
FN:99,Reduce
FN:114,<instance_members_initializer>
FN:120,FilterMapProdReduce
FN:128,Reduce
FN:140,<instance_members_initializer>
FN:146,FilterMapDivReduce
FN:156,Reduce
FNF:16
FNH:14
FNDA:4,<instance_members_initializer>
FNDA:4,FilterMapReduce
FNDA:0,Filter
FNDA:0,Map
FNDA:1,<instance_members_initializer>
FNDA:1,FilterMapAddReduce
FNDA:1,Reduce
FNDA:1,<instance_members_initializer>
FNDA:1,FilterMapSubReduce
FNDA:1,Reduce
FNDA:1,<instance_members_initializer>
FNDA:1,FilterMapProdReduce
FNDA:1,Reduce
FNDA:1,<instance_members_initializer>
FNDA:1,FilterMapDivReduce
FNDA:1,Reduce
DA:1,1
DA:2,1
DA:3,1
DA:4,1
DA:5,4
DA:6,4
DA:7,4
DA:8,4
DA:9,4
DA:10,4
DA:11,4
DA:12,4
DA:13,4
DA:14,4
DA:15,4
DA:16,4
DA:17,4
DA:18,4
DA:19,0
DA:20,0
DA:21,0
DA:22,0
DA:23,0
DA:24,0
DA:25,0
DA:26,0
DA:27,4
DA:28,4
DA:29,4
DA:30,4
DA:31,4
DA:32,4
DA:33,4
DA:34,4
DA:35,0
DA:36,0
DA:37,0
DA:38,0
DA:39,0
DA:40,0
DA:41,0
DA:42,0
DA:43,0
DA:44,0
DA:45,4
DA:46,4
DA:47,4
DA:48,4
DA:49,4
DA:50,4
DA:51,4
DA:52,4
DA:53,1
DA:54,1
DA:55,1
DA:56,1
DA:57,1
DA:58,1
DA:59,1
DA:60,1
DA:61,1
DA:62,1
DA:63,1
DA:64,1
DA:65,1
DA:66,1
DA:67,1
DA:68,1
DA:69,1
DA:70,1
DA:71,1
DA:72,1
DA:73,1
DA:74,1
DA:75,3
DA:76,1
DA:77,1
DA:78,1
DA:79,1
DA:80,1
DA:81,1
DA:82,1
DA:83,1
DA:84,1
DA:85,1
DA:86,1
DA:87,1
DA:88,1
DA:89,1
DA:90,1
DA:91,1
DA:92,1
DA:93,1
DA:94,1
DA:95,1
DA:96,1
DA:97,1
DA:98,1
DA:99,1
DA:100,1
DA:101,1
DA:102,0
DA:103,0
DA:104,1
DA:105,2
DA:106,2
DA:107,1
DA:108,1
DA:109,1
DA:110,1
DA:111,1
DA:112,1
DA:113,1
DA:114,1
DA:115,1
DA:116,1
DA:117,1
DA:118,1
DA:119,1
DA:120,1
DA:121,1
DA:122,1
DA:123,1
DA:124,1
DA:125,1
DA:126,1
DA:127,1
DA:128,1
DA:129,1
DA:130,1
DA:131,3
DA:132,1
DA:133,1
DA:134,1
DA:135,1
DA:136,1
DA:137,1
DA:138,1
DA:139,1
DA:140,1
DA:141,1
DA:142,1
DA:143,1
DA:144,1
DA:145,1
DA:146,1
DA:147,1
DA:148,1
DA:149,1
DA:150,1
DA:151,1
DA:152,1
DA:153,1
DA:154,1
DA:155,1
DA:156,1
DA:157,1
DA:158,1
DA:159,0
DA:160,0
DA:161,1
DA:162,2
DA:163,0
DA:164,0
DA:165,2
DA:166,2
DA:167,1
DA:168,1
DA:169,1
LF:169
LH:145
BRDA:4,0,0,4
BRDA:10,1,0,4
BRDA:57,2,0,1
BRDA:63,3,0,1
BRDA:72,4,0,1
BRDA:74,5,0,3
BRDA:84,6,0,1
BRDA:90,7,0,1
BRDA:99,8,0,1
BRDA:101,9,0,0
BRDA:104,10,0,2
BRDA:114,11,0,1
BRDA:120,12,0,1
BRDA:128,13,0,1
BRDA:130,14,0,3
BRDA:140,15,0,1
BRDA:146,16,0,1
BRDA:156,17,0,1
BRDA:158,18,0,0
BRDA:161,19,0,2
BRDA:162,20,0,0
BRF:21
BRH:18
end_of_record
