TN:
SF:src/ejercicio-pe.ts
FN:4,<instance_members_initializer>
FN:10,FilterMapReduce
FN:18,Filter
FN:34,Map
FN:57,<instance_members_initializer>
FN:63,FilterMapAddReduce
FN:72,Reduce
FN:84,<instance_members_initializer>
FN:90,FilterMapSubReduce
FN:99,Reduce
FN:114,<instance_members_initializer>
FN:120,FilterMapProdReduce
FN:128,Reduce
FN:140,<instance_members_initializer>
FN:146,FilterMapDivReduce
FN:156,Reduce
FNF:16
FNH:14
FNDA:4,<instance_members_initializer>
FNDA:4,FilterMapReduce
FNDA:0,Filter
FNDA:0,Map
FNDA:1,<instance_members_initializer>
FNDA:1,FilterMapAddReduce
FNDA:1,Reduce
FNDA:1,<instance_members_initializer>
FNDA:1,FilterMapSubReduce
FNDA:1,Reduce
FNDA:1,<instance_members_initializer>
FNDA:1,FilterMapProdReduce
FNDA:1,Reduce
FNDA:1,<instance_members_initializer>
FNDA:1,FilterMapDivReduce
FNDA:1,Reduce
DA:1,1
DA:2,1
DA:3,1
DA:4,1
DA:5,4
DA:6,4
DA:7,4
DA:8,4
DA:9,4
DA:10,4
DA:11,4
DA:12,4
DA:13,4
DA:14,4
DA:15,4
DA:16,4
DA:17,4
DA:18,4
DA:19,0
DA:20,0
DA:21,0
DA:22,0
DA:23,0
DA:24,0
DA:25,0
DA:26,0
DA:27,4
DA:28,4
DA:29,4
DA:30,4
DA:31,4
DA:32,4
DA:33,4
DA:34,4
DA:35,0
DA:36,0
DA:37,0
DA:38,0
DA:39,0
DA:40,0
DA:41,0
DA:42,0
DA:43,0
DA:44,0
DA:45,4
DA:46,4
DA:47,4
DA:48,4
DA:49,4
DA:50,4
DA:51,4
DA:52,4
DA:53,1
DA:54,1
DA:55,1
DA:56,1
DA:57,1
DA:58,1
DA:59,1
DA:60,1
DA:61,1
DA:62,1
DA:63,1
DA:64,1
DA:65,1
DA:66,1
DA:67,1
DA:68,1
DA:69,1
DA:70,1
DA:71,1
DA:72,1
DA:73,1
DA:74,1
DA:75,3
DA:76,1
DA:77,1
DA:78,1
DA:79,1
DA:80,1
DA:81,1
DA:82,1
DA:83,1
DA:84,1
DA:85,1
DA:86,1
DA:87,1
DA:88,1
DA:89,1
DA:90,1
DA:91,1
DA:92,1
DA:93,1
DA:94,1
DA:95,1
DA:96,1
DA:97,1
DA:98,1
DA:99,1
DA:100,1
DA:101,1
DA:102,0
DA:103,0
DA:104,1
DA:105,2
DA:106,2
DA:107,1
DA:108,1
DA:109,1
DA:110,1
DA:111,1
DA:112,1
DA:113,1
DA:114,1
DA:115,1
DA:116,1
DA:117,1
DA:118,1
DA:119,1
DA:120,1
DA:121,1
DA:122,1
DA:123,1
DA:124,1
DA:125,1
DA:126,1
DA:127,1
DA:128,1
DA:129,1
DA:130,1
DA:131,3
DA:132,1
DA:133,1
DA:134,1
DA:135,1
DA:136,1
DA:137,1
DA:138,1
DA:139,1
DA:140,1
DA:141,1
DA:142,1
DA:143,1
DA:144,1
DA:145,1
DA:146,1
DA:147,1
DA:148,1
DA:149,1
DA:150,1
DA:151,1
DA:152,1
DA:153,1
DA:154,1
DA:155,1
DA:156,1
DA:157,1
DA:158,1
DA:159,0
DA:160,0
DA:161,1
DA:162,2
DA:163,0
DA:164,0
DA:165,2
DA:166,2
DA:167,1
DA:168,1
DA:169,1
LF:169
LH:145
BRDA:4,0,0,4
BRDA:10,1,0,4
BRDA:57,2,0,1
BRDA:63,3,0,1
BRDA:72,4,0,1
BRDA:74,5,0,3
BRDA:84,6,0,1
BRDA:90,7,0,1
BRDA:99,8,0,1
BRDA:101,9,0,0
BRDA:104,10,0,2
BRDA:114,11,0,1
BRDA:120,12,0,1
BRDA:128,13,0,1
BRDA:130,14,0,3
BRDA:140,15,0,1
BRDA:146,16,0,1
BRDA:156,17,0,1
BRDA:158,18,0,0
BRDA:161,19,0,2
BRDA:162,20,0,0
BRF:21
BRH:18
end_of_record
TN:
SF:src/magic/card.ts
FN:58,<instance_members_initializer>
FN:72,Card
FN:112,attributes
FNF:3
FNH:3
FNDA:9,<instance_members_initializer>
FNDA:9,Card
FNDA:6,attributes
DA:1,1
DA:2,1
DA:3,1
DA:4,1
DA:5,1
DA:6,1
DA:7,1
DA:8,1
DA:9,1
DA:10,1
DA:11,1
DA:12,1
DA:13,1
DA:14,1
DA:15,1
DA:16,1
DA:17,1
DA:18,1
DA:19,1
DA:20,1
DA:21,1
DA:22,1
DA:23,1
DA:24,1
DA:25,1
DA:26,1
DA:27,1
DA:28,1
DA:29,1
DA:30,1
DA:31,1
DA:32,1
DA:33,1
DA:34,1
DA:35,1
DA:36,1
DA:37,1
DA:38,1
DA:39,1
DA:40,1
DA:41,1
DA:42,1
DA:43,1
DA:44,1
DA:45,1
DA:46,1
DA:47,1
DA:48,1
DA:49,1
DA:50,1
DA:51,1
DA:52,1
DA:53,1
DA:54,1
DA:55,1
DA:56,1
DA:57,1
DA:58,1
DA:59,9
DA:60,9
DA:61,9
DA:62,9
DA:63,9
DA:64,9
DA:65,9
DA:66,9
DA:67,9
DA:68,9
DA:69,9
DA:70,9
DA:71,9
DA:72,9
DA:73,9
DA:74,9
DA:75,9
DA:76,9
DA:77,9
DA:78,9
DA:79,9
DA:80,9
DA:81,9
DA:82,9
DA:83,9
DA:84,9
DA:85,9
DA:86,9
DA:87,9
DA:88,9
DA:89,9
DA:90,9
DA:91,4
DA:92,1
DA:93,1
DA:94,1
DA:95,1
DA:96,3
DA:97,9
DA:98,3
DA:99,1
DA:100,1
DA:101,1
DA:102,1
DA:103,2
DA:104,2
DA:105,7
DA:106,7
DA:107,9
DA:108,9
DA:109,9
DA:110,9
DA:111,9
DA:112,9
DA:113,6
DA:114,6
DA:115,6
DA:116,6
DA:117,6
DA:118,6
DA:119,6
DA:120,2
DA:121,2
DA:122,6
DA:123,2
DA:124,2
DA:125,6
DA:126,1
DA:127,1
DA:128,6
DA:129,0
DA:130,0
DA:131,6
DA:132,0
DA:133,0
DA:134,6
DA:135,1
DA:136,1
DA:137,6
DA:138,0
DA:139,0
DA:140,6
DA:141,0
DA:142,6
DA:143,6
DA:144,6
DA:145,6
DA:146,6
DA:147,6
DA:148,6
DA:149,6
DA:150,6
DA:151,6
DA:152,9
LF:152
LH:145
BRDA:6,0,0,1
BRDA:19,1,0,1
BRDA:32,2,0,1
BRDA:58,3,0,9
BRDA:72,4,0,9
BRDA:90,5,0,4
BRDA:91,6,0,1
BRDA:96,7,0,3
BRDA:97,8,0,5
BRDA:97,9,0,3
BRDA:98,10,0,1
BRDA:103,11,0,2
BRDA:105,12,0,7
BRDA:112,13,0,6
BRDA:119,14,0,2
BRDA:122,15,0,2
BRDA:125,16,0,1
BRDA:128,17,0,0
BRDA:131,18,0,0
BRDA:134,19,0,1
BRDA:137,20,0,0
BRDA:140,21,0,0
BRDA:147,22,0,2
BRDA:148,23,0,2
BRF:24
BRH:20
end_of_record
TN:
SF:src/magic/cardCollection.ts
FN:45,<instance_members_initializer>
FN:63,CardCollection
FN:78,loadCards
FN:109,writeCards
FN:132,addCard
FN:153,updateCard
FN:174,removeCard
FN:195,listCards
FN:208,showCardInfo
FNF:9
FNH:9
FNDA:1,<instance_members_initializer>
FNDA:1,CardCollection
FNDA:1,loadCards
FNDA:7,writeCards
FNDA:3,addCard
FNDA:1,updateCard
FNDA:3,removeCard
FNDA:3,listCards
FNDA:3,showCardInfo
DA:1,1
DA:2,1
DA:3,1
DA:4,1
DA:5,1
DA:6,1
DA:7,1
DA:8,1
DA:9,1
DA:10,1
DA:11,1
DA:12,1
DA:13,1
DA:14,1
DA:15,1
DA:16,1
DA:17,1
DA:18,1
DA:19,1
DA:20,1
DA:21,1
DA:22,1
DA:23,1
DA:24,1
DA:25,1
DA:26,1
DA:27,1
DA:28,1
DA:29,1
DA:30,1
DA:31,1
DA:32,1
DA:33,1
DA:34,1
DA:35,1
DA:36,1
DA:37,1
DA:38,1
DA:39,1
DA:40,1
DA:41,1
DA:42,1
DA:43,1
DA:44,1
DA:45,1
DA:46,1
DA:47,1
DA:48,1
DA:49,1
DA:50,1
DA:51,1
DA:52,1
DA:53,1
DA:54,1
DA:55,1
DA:56,1
DA:57,1
DA:58,1
DA:59,1
DA:60,1
DA:61,1
DA:62,1
DA:63,1
DA:64,1
DA:65,1
DA:66,1
DA:67,1
DA:68,1
DA:69,1
DA:70,0
DA:71,0
DA:72,1
DA:73,1
DA:74,1
DA:75,1
DA:76,1
DA:77,1
DA:78,1
DA:79,1
DA:80,1
DA:81,1
DA:82,1
DA:83,0
DA:84,0
DA:85,0
DA:86,0
DA:87,0
DA:88,0
DA:89,0
DA:90,0
DA:91,0
DA:92,0
DA:93,0
DA:94,0
DA:95,0
DA:96,0
DA:97,1
DA:98,1
DA:99,1
DA:100,1
DA:101,1
DA:102,1
DA:103,1
DA:104,1
DA:105,1
DA:106,1
DA:107,1
DA:108,1
DA:109,1
DA:110,7
DA:111,7
DA:112,7
DA:113,7
DA:114,0
DA:115,0
DA:116,0
DA:117,0
DA:118,7
DA:119,7
DA:120,7
DA:121,7
DA:122,7
DA:123,7
DA:124,7
DA:125,7
DA:126,7
DA:127,1
DA:128,1
DA:129,1
DA:130,1
DA:131,1
DA:132,1
DA:133,3
DA:134,0
DA:135,0
DA:136,0
DA:137,0
DA:138,3
DA:139,3
DA:140,3
DA:141,3
DA:142,3
DA:143,3
DA:144,3
DA:145,3
DA:146,3
DA:147,3
DA:148,1
DA:149,1
DA:150,1
DA:151,1
DA:152,1
DA:153,1
DA:154,1
DA:155,1
DA:156,1
DA:157,1
DA:158,1
DA:159,1
DA:160,1
DA:161,1
DA:162,0
DA:163,0
DA:164,0
DA:165,0
DA:166,0
DA:167,1
DA:168,1
DA:169,1
DA:170,1
DA:171,1
DA:172,1
DA:173,1
DA:174,1
DA:175,3
DA:176,3
DA:177,3
DA:178,3
DA:179,3
DA:180,3
DA:181,3
DA:182,3
DA:183,3
DA:184,0
DA:185,0
DA:186,0
DA:187,0
DA:188,0
DA:189,3
DA:190,1
DA:191,1
DA:192,1
DA:193,1
DA:194,1
DA:195,1
DA:196,3
DA:197,3
DA:198,3
DA:199,3
DA:200,3
DA:201,3
DA:202,1
DA:203,1
DA:204,1
DA:205,1
DA:206,1
DA:207,1
DA:208,1
DA:209,3
DA:210,3
DA:211,2
DA:212,3
DA:213,1
DA:214,1
DA:215,1
DA:216,1
DA:217,1
DA:218,3
DA:219,1
LF:219
LH:185
BRDA:45,0,0,1
BRDA:63,1,0,1
BRDA:69,2,0,0
BRDA:78,3,0,1
BRDA:82,4,0,0
BRDA:109,5,0,7
BRDA:112,6,0,7
BRDA:113,7,0,0
BRDA:132,8,0,3
BRDA:133,9,0,0
BRDA:153,10,0,1
BRDA:161,11,0,0
BRDA:174,12,0,3
BRDA:183,13,0,0
BRDA:195,14,0,3
BRDA:197,15,0,3
BRDA:208,16,0,3
BRDA:210,17,0,2
BRDA:212,18,0,1
BRF:19
BRH:13
end_of_record
